rxandroid/build/intermediates/manifest_merge_blame_file/release/manifest-merger-blame-release-report.txt
1<?xml version="1.0" encoding="utf-8"?>
2<!--
3  Licensed under the Apache License, Version 2.0 (the "License");
4  you may not use this file except in compliance with the License.
5  You may obtain a copy of the License at
6
7  http://www.apache.org/licenses/LICENSE-2.0
8
9  Unless required by applicable law or agreed to in writing, software
10  distributed under the License is distributed on an "AS IS" BASIS,
11  WITHOUT WARRANTIES OR CONDITIONS OF ANY KIND, either express or implied.
12  See the License for the specific language governing permissions and
13  limitations under the License.
14-->
15<manifest xmlns:android="http://schemas.android.com/apk/res/android"
16    package="io.reactivex.rxjava3.android" >
17
18    <uses-sdk android:minSdkVersion="9" />
18-->src/main/AndroidManifest.xml
19
20</manifest>